Removed Pin From Net: NetName=VCC Pin=C23-1
Removed Pin From Net: NetName=VCC Pin=C24-1
Removed Pin From Net: NetName=VEE Pin=C33-1
Removed Pin From Net: NetName=VEE Pin=C34-1
Removed Pin From Net: NetName=VCC Pin=D3-K
Removed Pin From Net: NetName=VCC Pin=D5-K
Removed Pin From Net: NetName=VEE Pin=P5-1
Removed Pin From Net: NetName=VCC Pin=U1-8
Removed Pin From Net: NetName=VCC Pin=U2-8
Removed Pin From Net: NetName=VCC Pin=U3-5
Added Pin To Net: NetName=VEE Pin=C35-1
Added Pin To Net: NetName=VEE Pin=C36-1
Added Pin To Net: NetName=VEE Pin=D9-A
Change Net Name : Old Net Name=VCC New Net Name=NetC29_1
Added Pin To Net: NetName=NetC33_1 Pin=C33-1
Added Pin To Net: NetName=NetC33_1 Pin=C34-1
Added Pin To Net: NetName=NetC33_1 Pin=P5-1
Added Pin To Net: NetName=NetC33_1 Pin=R39-2
Added Net: Name=NetC33_1
Added Pin To Net: NetName=VCC Pin=C23-1
Added Pin To Net: NetName=VCC Pin=C24-1
Added Pin To Net: NetName=VCC Pin=C31-1
Added Pin To Net: NetName=VCC Pin=C32-2
Added Pin To Net: NetName=VCC Pin=D3-K
Added Pin To Net: NetName=VCC Pin=D5-K
Added Pin To Net: NetName=VCC Pin=D8-K
Added Pin To Net: NetName=VCC Pin=R38-2
Added Pin To Net: NetName=VCC Pin=U1-8
Added Pin To Net: NetName=VCC Pin=U2-8
Added Pin To Net: NetName=VCC Pin=U3-5
Added Net: Name=VCC
Added Member To Class: ClassName=schemat_wzmacniacz_gitarowy Member=Component C32 CAP ceramic 2,5mm generic
Added Member To Class: ClassName=schemat_wzmacniacz_gitarowy Member=Component P5 3pin BUS
Added Member To Class: ClassName=schemat_wzmacniacz_gitarowy Member=Component R17 Resistor 1/4W generic
Added Member To Class: ClassName=schemat_wzmacniacz_gitarowy Member=Component U1 TL072
