Added Component: Designator=C1(Capacitor THT 2,54mm - duplicate)
Add component (AddParameter): Name = "Capacitance"; Value = "100n"; VariantName = "[No Variations]"
Add component (AddParameter): Name = "Voltage rating"; Value = ""; VariantName = "[No Variations]"
Added Component: Designator=C2(Capacitor THT 2,54mm - duplicate)
Add component (AddParameter): Name = "Capacitance"; Value = "10p"; VariantName = "[No Variations]"
Add component (AddParameter): Name = "Voltage rating"; Value = ""; VariantName = "[No Variations]"
Added Component: Designator=C3(Capacitor THT 2,54mm - duplicate)
Add component (AddParameter): Name = "Capacitance"; Value = "220p"; VariantName = "[No Variations]"
Add component (AddParameter): Name = "Voltage rating"; Value = ""; VariantName = "[No Variations]"
Added Component: Designator=C4(Capacitor THT 2,54mm - duplicate)
Add component (AddParameter): Name = "Capacitance"; Value = "560p"; VariantName = "[No Variations]"
Add component (AddParameter): Name = "Voltage rating"; Value = ""; VariantName = "[No Variations]"
Added Component: Designator=C5(Capacitor THT 5mm)
Add component (AddParameter): Name = "Capacitance"; Value = "150n"; VariantName = "[No Variations]"
Add component (AddParameter): Name = "Voltage rating"; Value = ""; VariantName = "[No Variations]"
Added Component: Designator=C6(Capacitor THT 2,54mm - duplicate)
Add component (AddParameter): Name = "Capacitance"; Value = "10u"; VariantName = "[No Variations]"
Add component (AddParameter): Name = "Voltage rating"; Value = ""; VariantName = "[No Variations]"
Added Component: Designator=C7(Capacitor THT 2,54mm - duplicate)
Add component (AddParameter): Name = "Capacitance"; Value = "10n"; VariantName = "[No Variations]"
Add component (AddParameter): Name = "Voltage rating"; Value = ""; VariantName = "[No Variations]"
Added Component: Designator=C8(Capacitor THT 2,54mm - duplicate)
Add component (AddParameter): Name = "Capacitance"; Value = "22n"; VariantName = "[No Variations]"
Add component (AddParameter): Name = "Voltage rating"; Value = ""; VariantName = "[No Variations]"
Added Component: Designator=C9(Capacitor THT 2,54mm - duplicate)
Add component (AddParameter): Name = "Capacitance"; Value = "1n"; VariantName = "[No Variations]"
Add component (AddParameter): Name = "Voltage rating"; Value = ""; VariantName = "[No Variations]"
Added Component: Designator=C10(Capacitor THT 2,54mm - duplicate)
Add component (AddParameter): Name = "Capacitance"; Value = "22n"; VariantName = "[No Variations]"
Add component (AddParameter): Name = "Voltage rating"; Value = ""; VariantName = "[No Variations]"
Added Component: Designator=C11(Capacitor THT 2,54mm - duplicate)
Add component (AddParameter): Name = "Capacitance"; Value = "10u"; VariantName = "[No Variations]"
Add component (AddParameter): Name = "Voltage rating"; Value = ""; VariantName = "[No Variations]"
Added Component: Designator=C12(Capacitor THT 2,54mm - duplicate)
Add component (AddParameter): Name = "Capacitance"; Value = "10p"; VariantName = "[No Variations]"
Add component (AddParameter): Name = "Voltage rating"; Value = ""; VariantName = "[No Variations]"
Added Component: Designator=C13(Capacitor THT 2,54mm - duplicate)
Add component (AddParameter): Name = "Capacitance"; Value = "10u"; VariantName = "[No Variations]"
Add component (AddParameter): Name = "Voltage rating"; Value = ""; VariantName = "[No Variations]"
Added Component: Designator=C14(Capacitor THT 2,54mm - duplicate)
Add component (AddParameter): Name = "Capacitance"; Value = "100n"; VariantName = "[No Variations]"
Add component (AddParameter): Name = "Voltage rating"; Value = ""; VariantName = "[No Variations]"
Added Component: Designator=C15(Capacitor THT 2,54mm - duplicate)
Add component (AddParameter): Name = "Capacitance"; Value = "4.7n"; VariantName = "[No Variations]"
Add component (AddParameter): Name = "Voltage rating"; Value = ""; VariantName = "[No Variations]"
Added Component: Designator=C16(Capacitor THT 2,54mm - duplicate)
Add component (AddParameter): Name = "Capacitance"; Value = "1.5n"; VariantName = "[No Variations]"
Add component (AddParameter): Name = "Voltage rating"; Value = ""; VariantName = "[No Variations]"
Added Component: Designator=C17(Capacitor THT 2,54mm - duplicate)
Add component (AddParameter): Name = "Capacitance"; Value = "470p"; VariantName = "[No Variations]"
Add component (AddParameter): Name = "Voltage rating"; Value = ""; VariantName = "[No Variations]"
Added Component: Designator=C18(Capacitor THT 2,54mm - duplicate)
Add component (AddParameter): Name = "Capacitance"; Value = "100n"; VariantName = "[No Variations]"
Add component (AddParameter): Name = "Voltage rating"; Value = ""; VariantName = "[No Variations]"
Added Component: Designator=C19(Capacitor THT 2,54mm - duplicate)
Add component (AddParameter): Name = "Capacitance"; Value = "47p"; VariantName = "[No Variations]"
Add component (AddParameter): Name = "Voltage rating"; Value = ""; VariantName = "[No Variations]"
Added Component: Designator=C20(Capacitor THT 2,54mm - duplicate)
Add component (AddParameter): Name = "Capacitance"; Value = "2.2n"; VariantName = "[No Variations]"
Add component (AddParameter): Name = "Voltage rating"; Value = ""; VariantName = "[No Variations]"
Added Component: Designator=C21(Capacitor Electrolytic THT fi13)
Add component (AddParameter): Name = "Capacitance"; Value = "1m"; VariantName = "[No Variations]"
Add component (AddParameter): Name = "Voltage rating"; Value = ""; VariantName = "[No Variations]"
Added Component: Designator=C22(Capacitor THT 2,54mm - duplicate)
Add component (AddParameter): Name = "Capacitance"; Value = "10u"; VariantName = "[No Variations]"
Add component (AddParameter): Name = "Voltage rating"; Value = ""; VariantName = "[No Variations]"
Added Component: Designator=C23(Capacitor THT 2,54mm - duplicate)
Add component (AddParameter): Name = "Capacitance"; Value = "100n"; VariantName = "[No Variations]"
Add component (AddParameter): Name = "Voltage rating"; Value = ""; VariantName = "[No Variations]"
Added Component: Designator=C24(Capacitor electrolytic tht fi8)
Add component (AddParameter): Name = "Capacitance"; Value = "47u"; VariantName = "[No Variations]"
Add component (AddParameter): Name = "Voltage rating"; Value = ""; VariantName = "[No Variations]"
Added Component: Designator=C25(Capacitor THT 2,54mm - duplicate)
Add component (AddParameter): Name = "Capacitance"; Value = "10u"; VariantName = "[No Variations]"
Add component (AddParameter): Name = "Voltage rating"; Value = ""; VariantName = "[No Variations]"
Added Component: Designator=C26(Capacitor electrolytic tht fi8)
Add component (AddParameter): Name = "Capacitance"; Value = "47u"; VariantName = "[No Variations]"
Add component (AddParameter): Name = "Voltage rating"; Value = ""; VariantName = "[No Variations]"
Added Component: Designator=C27(Capacitor THT 2,54mm - duplicate)
Add component (AddParameter): Name = "Capacitance"; Value = "100n"; VariantName = "[No Variations]"
Add component (AddParameter): Name = "Voltage rating"; Value = ""; VariantName = "[No Variations]"
Added Component: Designator=C28(Capacitor THT 5mm)
Add component (AddParameter): Name = "Capacitance"; Value = "220n"; VariantName = "[No Variations]"
Add component (AddParameter): Name = "Voltage rating"; Value = ""; VariantName = "[No Variations]"
Added Component: Designator=C29(Capacitor electrolytic tht fi16x40)
Add component (AddParameter): Name = "Capacitance"; Value = "10m"; VariantName = "[No Variations]"
Add component (AddParameter): Name = "Voltage rating"; Value = ""; VariantName = "[No Variations]"
Added Component: Designator=C30(Capacitor electrolytic tht fi16x40)
Add component (AddParameter): Name = "Capacitance"; Value = "10m"; VariantName = "[No Variations]"
Add component (AddParameter): Name = "Voltage rating"; Value = ""; VariantName = "[No Variations]"
Added Component: Designator=C31(Capacitor electrolytic tht fi8)
Add component (AddParameter): Name = "Capacitance"; Value = "47u"; VariantName = "[No Variations]"
Add component (AddParameter): Name = "Voltage rating"; Value = ""; VariantName = "[No Variations]"
Added Component: Designator=C32(Capacitor THT 2,54mm - duplicate)
Add component (AddParameter): Name = "Capacitance"; Value = "10n"; VariantName = "[No Variations]"
Add component (AddParameter): Name = "Voltage rating"; Value = ""; VariantName = "[No Variations]"
Added Component: Designator=C33(Capacitor electrolytic tht fi16x40)
Add component (AddParameter): Name = "Capacitance"; Value = "10m"; VariantName = "[No Variations]"
Add component (AddParameter): Name = "Voltage rating"; Value = ""; VariantName = "[No Variations]"
Added Component: Designator=C34(Capacitor electrolytic tht fi16x40)
Add component (AddParameter): Name = "Capacitance"; Value = "10m"; VariantName = "[No Variations]"
Add component (AddParameter): Name = "Voltage rating"; Value = ""; VariantName = "[No Variations]"
Added Component: Designator=C35(Capacitor electrolytic tht fi8)
Add component (AddParameter): Name = "Capacitance"; Value = "47u"; VariantName = "[No Variations]"
Add component (AddParameter): Name = "Voltage rating"; Value = ""; VariantName = "[No Variations]"
Added Component: Designator=C36(Capacitor THT 2,54mm - duplicate)
Add component (AddParameter): Name = "Capacitance"; Value = "10n"; VariantName = "[No Variations]"
Add component (AddParameter): Name = "Voltage rating"; Value = ""; VariantName = "[No Variations]"
Added Component: Designator=D1(Led Diode 5mm tht - duplicate)
Added Component: Designator=D2(Led Diode 5mm tht - duplicate)
Added Component: Designator=D3(1N4148)
Added Component: Designator=D4(1N4148)
Added Component: Designator=D5(1N4148)
Added Component: Designator=D6(1N4148)
Added Component: Designator=D7(Led Diode 5mm tht - duplicate)
Added Component: Designator=D8(ZENER 15V 0.4W)
Added Component: Designator=D9(ZENER 15V 0.4W)
Added Component: Designator=P1(AMPHENOL ACJM-HHOP)
Added Component: Designator=P2(AMPHENOL ACJM-HHOP)
Added Component: Designator=P3(7 PIN BUS)
Added Component: Designator=P4(AMPHENOL ACJM-HHOP)
Added Component: Designator=P5(3 Pin BUS)
Added Component: Designator=R1(Resistor THT 0,25W)
Add component (AddParameter): Name = "Resistance"; Value = "1k"; VariantName = "[No Variations]"
Added Component: Designator=R2(Resistor THT 0,25W)
Add component (AddParameter): Name = "Resistance"; Value = "1M"; VariantName = "[No Variations]"
Added Component: Designator=R3(Resistor THT 0,25W)
Add component (AddParameter): Name = "Resistance"; Value = "820"; VariantName = "[No Variations]"
Added Component: Designator=R4(Resistor THT 0,25W)
Add component (AddParameter): Name = "Resistance"; Value = "6k8"; VariantName = "[No Variations]"
Added Component: Designator=R5(Resistor THT 0,25W)
Add component (AddParameter): Name = "Resistance"; Value = "1k"; VariantName = "[No Variations]"
Added Component: Designator=R6(Resistor THT 0,25W)
Add component (AddParameter): Name = "Resistance"; Value = "47k"; VariantName = "[No Variations]"
Added Component: Designator=R7(Resistor THT 0,25W)
Add component (AddParameter): Name = "Resistance"; Value = "47k"; VariantName = "[No Variations]"
Added Component: Designator=R8(Resistor THT 0,25W)
Add component (AddParameter): Name = "Resistance"; Value = "1M"; VariantName = "[No Variations]"
Added Component: Designator=R9(Resistor THT 0,25W)
Add component (AddParameter): Name = "Resistance"; Value = "560"; VariantName = "[No Variations]"
Added Component: Designator=R10(Resistor THT 0,25W)
Add component (AddParameter): Name = "Resistance"; Value = "10k"; VariantName = "[No Variations]"
Added Component: Designator=R11(Resistor THT 0,25W)
Add component (AddParameter): Name = "Resistance"; Value = "10k"; VariantName = "[No Variations]"
Added Component: Designator=R12(Resistor THT 0,25W)
Add component (AddParameter): Name = "Resistance"; Value = "1M"; VariantName = "[No Variations]"
Added Component: Designator=R13(Resistor THT 0,25W)
Add component (AddParameter): Name = "Resistance"; Value = "390"; VariantName = "[No Variations]"
Added Component: Designator=R14(Resistor THT 0,25W)
Add component (AddParameter): Name = "Resistance"; Value = "100k"; VariantName = "[No Variations]"
Added Component: Designator=R15(Resistor THT 0,25W)
Add component (AddParameter): Name = "Resistance"; Value = "1k"; VariantName = "[No Variations]"
Added Component: Designator=R16(Resistor THT 0,25W)
Add component (AddParameter): Name = "Resistance"; Value = "3k9"; VariantName = "[No Variations]"
Added Component: Designator=R17(Resistor THT 0,25W)
Add component (AddParameter): Name = "Resistance"; Value = "560k"; VariantName = "[No Variations]"
Added Component: Designator=R18(Resistor THT 0,25W)
Add component (AddParameter): Name = "Resistance"; Value = "1k"; VariantName = "[No Variations]"
Added Component: Designator=R19(Resistor THT 0,25W)
Add component (AddParameter): Name = "Resistance"; Value = "390"; VariantName = "[No Variations]"
Added Component: Designator=R20(Resistor THT 0,25W)
Add component (AddParameter): Name = "Resistance"; Value = "100k"; VariantName = "[No Variations]"
Added Component: Designator=R21(Resistor THT 0,25W)
Add component (AddParameter): Name = "Resistance"; Value = "100k"; VariantName = "[No Variations]"
Added Component: Designator=R22(Resistor THT 0,25W)
Add component (AddParameter): Name = "Resistance"; Value = "100k"; VariantName = "[No Variations]"
Added Component: Designator=R23(Resistor THT 0,25W)
Add component (AddParameter): Name = "Resistance"; Value = "100k"; VariantName = "[No Variations]"
Added Component: Designator=R24(Resistor THT 0,25W)
Add component (AddParameter): Name = "Resistance"; Value = "3k3"; VariantName = "[No Variations]"
Added Component: Designator=R25(Resistor THT 0,25W)
Add component (AddParameter): Name = "Resistance"; Value = "3k3"; VariantName = "[No Variations]"
Added Component: Designator=R26(Resistor THT 0,25W)
Add component (AddParameter): Name = "Resistance"; Value = "330"; VariantName = "[No Variations]"
Added Component: Designator=R27(Resistor THT 0,25W)
Add component (AddParameter): Name = "Resistance"; Value = "3k3"; VariantName = "[No Variations]"
Added Component: Designator=R28(Resistor THT 0,25W)
Add component (AddParameter): Name = "Resistance"; Value = "3k3"; VariantName = "[No Variations]"
Added Component: Designator=R29(Resistor THT 0,25W)
Add component (AddParameter): Name = "Resistance"; Value = "330"; VariantName = "[No Variations]"
Added Component: Designator=R30(Resistor THT 1W)
Add component (AddParameter): Name = "Power Rating"; Value = "1W"; VariantName = "[No Variations]"
Add component (AddParameter): Name = "Resistance"; Value = "680"; VariantName = "[No Variations]"
Added Component: Designator=R31(Resistor THT 5W)
Add component (AddParameter): Name = "Power Rating"; Value = "5W"; VariantName = "[No Variations]"
Add component (AddParameter): Name = "Resistance"; Value = "33"; VariantName = "[No Variations]"
Added Component: Designator=R32(Resistor THT 5W)
Add component (AddParameter): Name = "Power Rating"; Value = "5W"; VariantName = "[No Variations]"
Add component (AddParameter): Name = "Resistanceter 1"; Value = "33"; VariantName = "[No Variations]"
Added Component: Designator=R33(Resistor THT 5W)
Add component (AddParameter): Name = "Power Rating"; Value = "5W"; VariantName = "[No Variations]"
Add component (AddParameter): Name = "Resistanceter 1"; Value = "33"; VariantName = "[No Variations]"
Added Component: Designator=R34(Resistor THT 5W)
Add component (AddParameter): Name = "Power Rating"; Value = "5W"; VariantName = "[No Variations]"
Add component (AddParameter): Name = "Resistanceter 1"; Value = "33"; VariantName = "[No Variations]"
Added Component: Designator=R35(Resistor THT 0,25W)
Add component (AddParameter): Name = "Resistance"; Value = "1k5"; VariantName = "[No Variations]"
Added Component: Designator=R36(Resistor THT 0,25W)
Add component (AddParameter): Name = "Resistance"; Value = "2k2"; VariantName = "[No Variations]"
Added Component: Designator=R37(Resistor THT 1W)
Add component (AddParameter): Name = "Power Rating"; Value = "1W"; VariantName = "[No Variations]"
Add component (AddParameter): Name = "Resistance"; Value = "0.1"; VariantName = "[No Variations]"
Added Component: Designator=R38(Resistor THT 0,25W)
Add component (AddParameter): Name = "Resistance"; Value = "180"; VariantName = "[No Variations]"
Added Component: Designator=R39(Resistor THT 0,25W)
Add component (AddParameter): Name = "Resistance"; Value = "180"; VariantName = "[No Variations]"
Added Component: Designator=U1(DIP8)
Added Component: Designator=U2(DIP8)
Added Component: Designator=U3(TDA2030A)
Added Component: Designator=VR1(Variable Resistor)
Add component (AddParameter): Name = "Resistance"; Value = "1M"; VariantName = "[No Variations]"
Added Component: Designator=VR2(Variable Resistor)
Add component (AddParameter): Name = "Resistance"; Value = "50k"; VariantName = "[No Variations]"
Added Component: Designator=VR3(Variable Resistor)
Add component (AddParameter): Name = "Resistance"; Value = "5k"; VariantName = "[No Variations]"
Added Component: Designator=VR4(Variable Resistor)
Add component (AddParameter): Name = "Resistance"; Value = "5k"; VariantName = "[No Variations]"
Added Pin To Net: NetName=GND Pin=C1-1
Added Pin To Net: NetName=GND Pin=C5-1
Added Pin To Net: NetName=GND Pin=C7-1
Added Pin To Net: NetName=GND Pin=C9-1
Added Pin To Net: NetName=GND Pin=C12-1
Added Pin To Net: NetName=GND Pin=C18-2
Added Pin To Net: NetName=GND Pin=C19-2
Added Pin To Net: NetName=GND Pin=C20-2
Added Pin To Net: NetName=GND Pin=C21-2
Added Pin To Net: NetName=GND Pin=C22-2
Added Pin To Net: NetName=GND Pin=C23-2
Added Pin To Net: NetName=GND Pin=C24-2
Added Pin To Net: NetName=GND Pin=C26-2
Added Pin To Net: NetName=GND Pin=C27-2
Added Pin To Net: NetName=GND Pin=C28-1
Added Pin To Net: NetName=GND Pin=C29-2
Added Pin To Net: NetName=GND Pin=C30-2
Added Pin To Net: NetName=GND Pin=C31-2
Added Pin To Net: NetName=GND Pin=C32-1
Added Pin To Net: NetName=GND Pin=C33-2
Added Pin To Net: NetName=GND Pin=C34-2
Added Pin To Net: NetName=GND Pin=C35-2
Added Pin To Net: NetName=GND Pin=C36-2
Added Pin To Net: NetName=GND Pin=D7-K
Added Pin To Net: NetName=GND Pin=D8-A
Added Pin To Net: NetName=GND Pin=D9-K
Added Pin To Net: NetName=GND Pin=P1-S
Added Pin To Net: NetName=GND Pin=P2-S
Added Pin To Net: NetName=GND Pin=P4-S
Added Pin To Net: NetName=GND Pin=P5-2
Added Pin To Net: NetName=GND Pin=R12-1
Added Pin To Net: NetName=GND Pin=R13-1
Added Pin To Net: NetName=GND Pin=R15-2
Added Pin To Net: NetName=GND Pin=R37-2
Added Pin To Net: NetName=GND Pin=U1-5
Added Pin To Net: NetName=GND Pin=U3-1
Added Pin To Net: NetName=GND Pin=VR2-1
Added Pin To Net: NetName=GND Pin=VR2-2
Added Pin To Net: NetName=GND Pin=VR3-1
Added Pin To Net: NetName=GND Pin=VR4-1
Added Net: Name=GND
Added Pin To Net: NetName=NetC1_2 Pin=C1-2
Added Pin To Net: NetName=NetC1_2 Pin=R1-1
Added Net: Name=NetC1_2
Added Pin To Net: NetName=NetC2_1 Pin=C2-1
Added Pin To Net: NetName=NetC2_1 Pin=R1-2
Added Pin To Net: NetName=NetC2_1 Pin=R3-2
Added Pin To Net: NetName=NetC2_1 Pin=R4-1
Added Pin To Net: NetName=NetC2_1 Pin=U1-2
Added Net: Name=NetC2_1
Added Pin To Net: NetName=NetC2_2 Pin=C2-2
Added Pin To Net: NetName=NetC2_2 Pin=C6-1
Added Pin To Net: NetName=NetC2_2 Pin=C13-1
Added Pin To Net: NetName=NetC2_2 Pin=R4-2
Added Pin To Net: NetName=NetC2_2 Pin=U1-1
Added Net: Name=NetC2_2
Added Pin To Net: NetName=NetC3_1 Pin=C3-1
Added Pin To Net: NetName=NetC3_1 Pin=D1-A
Added Pin To Net: NetName=NetC3_1 Pin=D2-K
Added Pin To Net: NetName=NetC3_1 Pin=R2-1
Added Pin To Net: NetName=NetC3_1 Pin=R9-2
Added Pin To Net: NetName=NetC3_1 Pin=U1-6
Added Pin To Net: NetName=NetC3_1 Pin=VR1-3
Added Net: Name=NetC3_1
Added Pin To Net: NetName=NetC3_2 Pin=C3-2
Added Pin To Net: NetName=NetC3_2 Pin=C11-1
Added Pin To Net: NetName=NetC3_2 Pin=D1-K
Added Pin To Net: NetName=NetC3_2 Pin=D2-A
Added Pin To Net: NetName=NetC3_2 Pin=R2-2
Added Pin To Net: NetName=NetC3_2 Pin=U1-7
Added Pin To Net: NetName=NetC3_2 Pin=VR1-1
Added Pin To Net: NetName=NetC3_2 Pin=VR1-2
Added Net: Name=NetC3_2
Added Pin To Net: NetName=NetC4_1 Pin=C4-1
Added Pin To Net: NetName=NetC4_1 Pin=C7-2
Added Pin To Net: NetName=NetC4_1 Pin=P1-SN
Added Pin To Net: NetName=NetC4_1 Pin=R5-2
Added Pin To Net: NetName=NetC4_1 Pin=R6-1
Added Net: Name=NetC4_1
Added Pin To Net: NetName=NetC4_2 Pin=C4-2
Added Pin To Net: NetName=NetC4_2 Pin=C9-2
Added Pin To Net: NetName=NetC4_2 Pin=R7-2
Added Pin To Net: NetName=NetC4_2 Pin=R22-1
Added Net: Name=NetC4_2
Added Pin To Net: NetName=NetC5_2 Pin=C5-2
Added Pin To Net: NetName=NetC5_2 Pin=R3-1
Added Net: Name=NetC5_2
Added Pin To Net: NetName=NetC6_2 Pin=C6-2
Added Pin To Net: NetName=NetC6_2 Pin=P3-1
Added Pin To Net: NetName=NetC6_2 Pin=R8-1
Added Net: Name=NetC6_2
Added Pin To Net: NetName=NetC8_1 Pin=C8-1
Added Pin To Net: NetName=NetC8_1 Pin=VR2-3
Added Net: Name=NetC8_1
Added Pin To Net: NetName=NetC8_2 Pin=C8-2
Added Pin To Net: NetName=NetC8_2 Pin=R6-2
Added Pin To Net: NetName=NetC8_2 Pin=R7-1
Added Net: Name=NetC8_2
Added Pin To Net: NetName=NetC10_1 Pin=C10-1
Added Pin To Net: NetName=NetC10_1 Pin=P1-T
Added Net: Name=NetC10_1
Added Pin To Net: NetName=NetC10_2 Pin=C10-2
Added Pin To Net: NetName=NetC10_2 Pin=R10-1
Added Net: Name=NetC10_2
Added Pin To Net: NetName=NetC11_2 Pin=C11-2
Added Pin To Net: NetName=NetC11_2 Pin=R11-2
Added Net: Name=NetC11_2
Added Pin To Net: NetName=NetC12_2 Pin=C12-2
Added Pin To Net: NetName=NetC12_2 Pin=D3-A
Added Pin To Net: NetName=NetC12_2 Pin=D4-K
Added Pin To Net: NetName=NetC12_2 Pin=R10-2
Added Pin To Net: NetName=NetC12_2 Pin=R12-2
Added Pin To Net: NetName=NetC12_2 Pin=U1-3
Added Net: Name=NetC12_2
Added Pin To Net: NetName=NetC13_2 Pin=C13-2
Added Pin To Net: NetName=NetC13_2 Pin=VR4-3
Added Net: Name=NetC13_2
Added Pin To Net: NetName=NetC14_1 Pin=C14-1
Added Pin To Net: NetName=NetC14_1 Pin=R13-2
Added Net: Name=NetC14_1
Added Pin To Net: NetName=NetC14_2 Pin=C14-2
Added Pin To Net: NetName=NetC14_2 Pin=R14-1
Added Pin To Net: NetName=NetC14_2 Pin=R16-2
Added Net: Name=NetC14_2
Added Pin To Net: NetName=NetC15_1 Pin=C15-1
Added Pin To Net: NetName=NetC15_1 Pin=R14-2
Added Net: Name=NetC15_1
Added Pin To Net: NetName=NetC15_2 Pin=C15-2
Added Pin To Net: NetName=NetC15_2 Pin=D5-A
Added Pin To Net: NetName=NetC15_2 Pin=D6-K
Added Pin To Net: NetName=NetC15_2 Pin=P3-6
Added Pin To Net: NetName=NetC15_2 Pin=R17-1
Added Pin To Net: NetName=NetC15_2 Pin=R25-1
Added Pin To Net: NetName=NetC15_2 Pin=R30-2
Added Pin To Net: NetName=NetC15_2 Pin=R31-1
Added Pin To Net: NetName=NetC15_2 Pin=R32-1
Added Pin To Net: NetName=NetC15_2 Pin=R33-1
Added Pin To Net: NetName=NetC15_2 Pin=R34-1
Added Pin To Net: NetName=NetC15_2 Pin=U3-4
Added Net: Name=NetC15_2
Added Pin To Net: NetName=NetC16_1 Pin=C16-1
Added Pin To Net: NetName=NetC16_1 Pin=R18-1
Added Pin To Net: NetName=NetC16_1 Pin=R26-1
Added Pin To Net: NetName=NetC16_1 Pin=U2-7
Added Net: Name=NetC16_1
Added Pin To Net: NetName=NetC16_2 Pin=C16-2
Added Pin To Net: NetName=NetC16_2 Pin=R20-2
Added Pin To Net: NetName=NetC16_2 Pin=R21-1
Added Net: Name=NetC16_2
Added Pin To Net: NetName=NetC17_1 Pin=C17-1
Added Pin To Net: NetName=NetC17_1 Pin=R22-2
Added Pin To Net: NetName=NetC17_1 Pin=R23-1
Added Net: Name=NetC17_1
Added Pin To Net: NetName=NetC17_2 Pin=C17-2
Added Pin To Net: NetName=NetC17_2 Pin=R19-1
Added Pin To Net: NetName=NetC17_2 Pin=U2-1
Added Pin To Net: NetName=NetC17_2 Pin=U2-2
Added Net: Name=NetC17_2
Added Pin To Net: NetName=NetC18_1 Pin=C18-1
Added Pin To Net: NetName=NetC18_1 Pin=R19-2
Added Pin To Net: NetName=NetC18_1 Pin=R20-1
Added Net: Name=NetC18_1
Added Pin To Net: NetName=NetC19_1 Pin=C19-1
Added Pin To Net: NetName=NetC19_1 Pin=R23-2
Added Pin To Net: NetName=NetC19_1 Pin=U2-3
Added Net: Name=NetC19_1
Added Pin To Net: NetName=NetC20_1 Pin=C20-1
Added Pin To Net: NetName=NetC20_1 Pin=R21-2
Added Pin To Net: NetName=NetC20_1 Pin=U2-5
Added Net: Name=NetC20_1
Added Pin To Net: NetName=NetC21_1 Pin=C21-1
Added Pin To Net: NetName=NetC21_1 Pin=R24-1
Added Pin To Net: NetName=NetC21_1 Pin=R25-2
Added Net: Name=NetC21_1
Added Pin To Net: NetName=NetC22_1 Pin=C22-1
Added Pin To Net: NetName=NetC22_1 Pin=P2-T
Added Pin To Net: NetName=NetC22_1 Pin=R30-1
Added Net: Name=NetC22_1
Added Pin To Net: NetName=NetC25_1 Pin=C25-1
Added Pin To Net: NetName=NetC25_1 Pin=R29-2
Added Pin To Net: NetName=NetC25_1 Pin=R35-2
Added Net: Name=NetC25_1
Added Pin To Net: NetName=NetC25_2 Pin=C25-2
Added Pin To Net: NetName=NetC25_2 Pin=R16-1
Added Pin To Net: NetName=NetC25_2 Pin=R17-2
Added Pin To Net: NetName=NetC25_2 Pin=R24-2
Added Pin To Net: NetName=NetC25_2 Pin=U3-2
Added Net: Name=NetC25_2
Added Pin To Net: NetName=NetC28_2 Pin=C28-2
Added Pin To Net: NetName=NetC28_2 Pin=R31-2
Added Pin To Net: NetName=NetC28_2 Pin=R32-2
Added Pin To Net: NetName=NetC28_2 Pin=R33-2
Added Pin To Net: NetName=NetC28_2 Pin=R34-2
Added Net: Name=NetC28_2
Added Pin To Net: NetName=NetC31_1 Pin=C31-1
Added Pin To Net: NetName=NetC31_1 Pin=C32-2
Added Pin To Net: NetName=NetC31_1 Pin=D8-K
Added Pin To Net: NetName=NetC31_1 Pin=R38-2
Added Net: Name=NetC31_1
Added Pin To Net: NetName=NetC35_1 Pin=C35-1
Added Pin To Net: NetName=NetC35_1 Pin=C36-1
Added Pin To Net: NetName=NetC35_1 Pin=D9-A
Added Pin To Net: NetName=NetC35_1 Pin=R39-2
Added Net: Name=NetC35_1
Added Pin To Net: NetName=NetD7_A Pin=D7-A
Added Pin To Net: NetName=NetD7_A Pin=R36-2
Added Net: Name=NetD7_A
Added Pin To Net: NetName=NetP3_2 Pin=P3-2
Added Pin To Net: NetName=NetP3_2 Pin=R8-2
Added Pin To Net: NetName=NetP3_2 Pin=R9-1
Added Net: Name=NetP3_2
Added Pin To Net: NetName=NetP3_3 Pin=P3-3
Added Pin To Net: NetName=NetP3_3 Pin=VR3-2
Added Net: Name=NetP3_3
Added Pin To Net: NetName=NetP3_4 Pin=P3-4
Added Pin To Net: NetName=NetP3_4 Pin=VR4-2
Added Net: Name=NetP3_4
Added Pin To Net: NetName=NetP3_5 Pin=P3-5
Added Pin To Net: NetName=NetP3_5 Pin=R5-1
Added Net: Name=NetP3_5
Added Pin To Net: NetName=NetP3_7 Pin=P3-7
Added Pin To Net: NetName=NetP3_7 Pin=R35-1
Added Pin To Net: NetName=NetP3_7 Pin=R37-1
Added Net: Name=NetP3_7
Added Pin To Net: NetName=NetP4_T Pin=P4-T
Added Pin To Net: NetName=NetP4_T Pin=R27-2
Added Pin To Net: NetName=NetP4_T Pin=R28-1
Added Net: Name=NetP4_T
Added Pin To Net: NetName=NetR11_1 Pin=R11-1
Added Pin To Net: NetName=NetR11_1 Pin=VR3-3
Added Net: Name=NetR11_1
Added Pin To Net: NetName=NetR15_1 Pin=R15-1
Added Pin To Net: NetName=NetR15_1 Pin=R18-2
Added Pin To Net: NetName=NetR15_1 Pin=U2-6
Added Net: Name=NetR15_1
Added Pin To Net: NetName=NetR26_2 Pin=R26-2
Added Pin To Net: NetName=NetR26_2 Pin=R27-1
Added Pin To Net: NetName=NetR26_2 Pin=R28-2
Added Pin To Net: NetName=NetR26_2 Pin=R29-1
Added Net: Name=NetR26_2
Added Pin To Net: NetName=VCC Pin=C23-1
Added Pin To Net: NetName=VCC Pin=C24-1
Added Pin To Net: NetName=VCC Pin=C29-1
Added Pin To Net: NetName=VCC Pin=C30-1
Added Pin To Net: NetName=VCC Pin=D3-K
Added Pin To Net: NetName=VCC Pin=D5-K
Added Pin To Net: NetName=VCC Pin=P5-3
Added Pin To Net: NetName=VCC Pin=R36-1
Added Pin To Net: NetName=VCC Pin=R38-1
Added Pin To Net: NetName=VCC Pin=U1-8
Added Pin To Net: NetName=VCC Pin=U2-8
Added Pin To Net: NetName=VCC Pin=U3-5
Added Net: Name=VCC
Added Pin To Net: NetName=VEE Pin=C26-1
Added Pin To Net: NetName=VEE Pin=C27-1
Added Pin To Net: NetName=VEE Pin=C33-1
Added Pin To Net: NetName=VEE Pin=C34-1
Added Pin To Net: NetName=VEE Pin=D4-A
Added Pin To Net: NetName=VEE Pin=D6-A
Added Pin To Net: NetName=VEE Pin=P5-1
Added Pin To Net: NetName=VEE Pin=R39-1
Added Pin To Net: NetName=VEE Pin=U1-4
Added Pin To Net: NetName=VEE Pin=U2-4
Added Pin To Net: NetName=VEE Pin=U3-3
Added Net: Name=VEE
Added Class: Name=schemat_wzmacniacz_gitarowy
