Replace Part  C1 Cap electrolytic fi8 generic in C:\Users\Public\Documents\Altium\PADS PROJEKT Wzmacniacza gitarowego\schemat_wzmacniacz_gitarowy.SchDoc with Cap electrolytic fi8 generic from LIB1.IntLib
Replace Part C1 CAP ceramic 2,5mm generic in C:\Users\Public\Documents\Altium\PADS PROJEKT Wzmacniacza gitarowego\schemat_wzmacniacz_gitarowy.SchDoc with CAP ceramic 2,5mm generic from LIB1.IntLib
Replace Part C2 CAP ceramic 2,5mm generic in C:\Users\Public\Documents\Altium\PADS PROJEKT Wzmacniacza gitarowego\schemat_wzmacniacz_gitarowy.SchDoc with CAP ceramic 2,5mm generic from LIB1.IntLib
Replace Part C3 CAP ceramic 2,5mm generic in C:\Users\Public\Documents\Altium\PADS PROJEKT Wzmacniacza gitarowego\schemat_wzmacniacz_gitarowy.SchDoc with CAP ceramic 2,5mm generic from LIB1.IntLib
Replace Part C4 CAP ceramic 2,5mm generic in C:\Users\Public\Documents\Altium\PADS PROJEKT Wzmacniacza gitarowego\schemat_wzmacniacz_gitarowy.SchDoc with CAP ceramic 2,5mm generic from LIB1.IntLib
Replace Part C5 CAP ceramic 5mm generic_1 in C:\Users\Public\Documents\Altium\PADS PROJEKT Wzmacniacza gitarowego\schemat_wzmacniacz_gitarowy.SchDoc with CAP ceramic 5mm generic_1 from LIB1.IntLib
Replace Part C6 CAP ceramic 2,5mm generic in C:\Users\Public\Documents\Altium\PADS PROJEKT Wzmacniacza gitarowego\schemat_wzmacniacz_gitarowy.SchDoc with CAP ceramic 2,5mm generic from LIB1.IntLib
Replace Part C7 CAP ceramic 2,5mm generic in C:\Users\Public\Documents\Altium\PADS PROJEKT Wzmacniacza gitarowego\schemat_wzmacniacz_gitarowy.SchDoc with CAP ceramic 2,5mm generic from LIB1.IntLib
Replace Part C8 CAP ceramic 2,5mm generic in C:\Users\Public\Documents\Altium\PADS PROJEKT Wzmacniacza gitarowego\schemat_wzmacniacz_gitarowy.SchDoc with CAP ceramic 2,5mm generic from LIB1.IntLib
Replace Part C9 CAP ceramic 2,5mm generic in C:\Users\Public\Documents\Altium\PADS PROJEKT Wzmacniacza gitarowego\schemat_wzmacniacz_gitarowy.SchDoc with CAP ceramic 2,5mm generic from LIB1.IntLib
Replace Part C10 CAP ceramic 2,5mm generic in C:\Users\Public\Documents\Altium\PADS PROJEKT Wzmacniacza gitarowego\schemat_wzmacniacz_gitarowy.SchDoc with CAP ceramic 2,5mm generic from LIB1.IntLib
Replace Part C11 CAP ceramic 2,5mm generic in C:\Users\Public\Documents\Altium\PADS PROJEKT Wzmacniacza gitarowego\schemat_wzmacniacz_gitarowy.SchDoc with CAP ceramic 2,5mm generic from LIB1.IntLib
Replace Part C12 CAP ceramic 2,5mm generic in C:\Users\Public\Documents\Altium\PADS PROJEKT Wzmacniacza gitarowego\schemat_wzmacniacz_gitarowy.SchDoc with CAP ceramic 2,5mm generic from LIB1.IntLib
Replace Part C13 CAP ceramic 2,5mm generic in C:\Users\Public\Documents\Altium\PADS PROJEKT Wzmacniacza gitarowego\schemat_wzmacniacz_gitarowy.SchDoc with CAP ceramic 2,5mm generic from LIB1.IntLib
Replace Part C14 CAP ceramic 2,5mm generic in C:\Users\Public\Documents\Altium\PADS PROJEKT Wzmacniacza gitarowego\schemat_wzmacniacz_gitarowy.SchDoc with CAP ceramic 2,5mm generic from LIB1.IntLib
Replace Part C15 CAP ceramic 2,5mm generic in C:\Users\Public\Documents\Altium\PADS PROJEKT Wzmacniacza gitarowego\schemat_wzmacniacz_gitarowy.SchDoc with CAP ceramic 2,5mm generic from LIB1.IntLib
Replace Part C16 CAP ceramic 2,5mm generic in C:\Users\Public\Documents\Altium\PADS PROJEKT Wzmacniacza gitarowego\schemat_wzmacniacz_gitarowy.SchDoc with CAP ceramic 2,5mm generic from LIB1.IntLib
Replace Part C17 CAP ceramic 2,5mm generic in C:\Users\Public\Documents\Altium\PADS PROJEKT Wzmacniacza gitarowego\schemat_wzmacniacz_gitarowy.SchDoc with CAP ceramic 2,5mm generic from LIB1.IntLib
Replace Part C18 CAP ceramic 2,5mm generic in C:\Users\Public\Documents\Altium\PADS PROJEKT Wzmacniacza gitarowego\schemat_wzmacniacz_gitarowy.SchDoc with CAP ceramic 2,5mm generic from LIB1.IntLib
Replace Part C19 CAP ceramic 2,5mm generic in C:\Users\Public\Documents\Altium\PADS PROJEKT Wzmacniacza gitarowego\schemat_wzmacniacz_gitarowy.SchDoc with CAP ceramic 2,5mm generic from LIB1.IntLib
Replace Part C20 CAP ceramic 2,5mm generic in C:\Users\Public\Documents\Altium\PADS PROJEKT Wzmacniacza gitarowego\schemat_wzmacniacz_gitarowy.SchDoc with CAP ceramic 2,5mm generic from LIB1.IntLib
Replace Part C21 Cap electrolytic fi13 generic in C:\Users\Public\Documents\Altium\PADS PROJEKT Wzmacniacza gitarowego\schemat_wzmacniacz_gitarowy.SchDoc with Cap electrolytic fi13 generic from LIB1.IntLib
Replace Part C22 CAP ceramic 2,5mm generic in C:\Users\Public\Documents\Altium\PADS PROJEKT Wzmacniacza gitarowego\schemat_wzmacniacz_gitarowy.SchDoc with CAP ceramic 2,5mm generic from LIB1.IntLib
Replace Part C23 CAP ceramic 2,5mm generic in C:\Users\Public\Documents\Altium\PADS PROJEKT Wzmacniacza gitarowego\schemat_wzmacniacz_gitarowy.SchDoc with CAP ceramic 2,5mm generic from LIB1.IntLib
Replace Part C24 Cap electrolytic fi8 generic in C:\Users\Public\Documents\Altium\PADS PROJEKT Wzmacniacza gitarowego\schemat_wzmacniacz_gitarowy.SchDoc with Cap electrolytic fi8 generic from LIB1.IntLib
Replace Part C25 CAP ceramic 2,5mm generic in C:\Users\Public\Documents\Altium\PADS PROJEKT Wzmacniacza gitarowego\schemat_wzmacniacz_gitarowy.SchDoc with CAP ceramic 2,5mm generic from LIB1.IntLib
Replace Part C26 CAP ceramic 2,5mm generic in C:\Users\Public\Documents\Altium\PADS PROJEKT Wzmacniacza gitarowego\schemat_wzmacniacz_gitarowy.SchDoc with CAP ceramic 2,5mm generic from LIB1.IntLib
Replace Part C27 Cap electrolytic fi8 generic in C:\Users\Public\Documents\Altium\PADS PROJEKT Wzmacniacza gitarowego\schemat_wzmacniacz_gitarowy.SchDoc with Cap electrolytic fi8 generic from LIB1.IntLib
Replace Part C28 CAP ceramic 5mm generic_1 in C:\Users\Public\Documents\Altium\PADS PROJEKT Wzmacniacza gitarowego\schemat_wzmacniacz_gitarowy.SchDoc with CAP ceramic 5mm generic_1 from LIB1.IntLib
Replace Part C29 Cap electrolytic fi16 generic_1 in C:\Users\Public\Documents\Altium\PADS PROJEKT Wzmacniacza gitarowego\schemat_wzmacniacz_gitarowy.SchDoc with Cap electrolytic fi16 generic_1 from LIB1.IntLib
Replace Part C30 Cap electrolytic fi16 generic_1 in C:\Users\Public\Documents\Altium\PADS PROJEKT Wzmacniacza gitarowego\schemat_wzmacniacz_gitarowy.SchDoc with Cap electrolytic fi16 generic_1 from LIB1.IntLib
Replace Part C31 Cap electrolytic fi8 generic in C:\Users\Public\Documents\Altium\PADS PROJEKT Wzmacniacza gitarowego\schemat_wzmacniacz_gitarowy.SchDoc with Cap electrolytic fi8 generic from LIB1.IntLib
Replace Part C32 CAP ceramic 2,5mm generic in C:\Users\Public\Documents\Altium\PADS PROJEKT Wzmacniacza gitarowego\schemat_wzmacniacz_gitarowy.SchDoc with CAP ceramic 2,5mm generic from LIB1.IntLib
Replace Part C33 Cap electrolytic fi16 generic_1 in C:\Users\Public\Documents\Altium\PADS PROJEKT Wzmacniacza gitarowego\schemat_wzmacniacz_gitarowy.SchDoc with Cap electrolytic fi16 generic_1 from LIB1.IntLib
Replace Part C34 Cap electrolytic fi16 generic_1 in C:\Users\Public\Documents\Altium\PADS PROJEKT Wzmacniacza gitarowego\schemat_wzmacniacz_gitarowy.SchDoc with Cap electrolytic fi16 generic_1 from LIB1.IntLib
Replace Part C35 CAP ceramic 2,5mm generic in C:\Users\Public\Documents\Altium\PADS PROJEKT Wzmacniacza gitarowego\schemat_wzmacniacz_gitarowy.SchDoc with CAP ceramic 2,5mm generic from LIB1.IntLib
Replace Part D1 LED Diode in C:\Users\Public\Documents\Altium\PADS PROJEKT Wzmacniacza gitarowego\schemat_wzmacniacz_gitarowy.SchDoc with LED Diode from LIB1.IntLib
Replace Part D2 LED Diode in C:\Users\Public\Documents\Altium\PADS PROJEKT Wzmacniacza gitarowego\schemat_wzmacniacz_gitarowy.SchDoc with LED Diode from LIB1.IntLib
Replace Part D3 1N4148 in C:\Users\Public\Documents\Altium\PADS PROJEKT Wzmacniacza gitarowego\schemat_wzmacniacz_gitarowy.SchDoc with 1N4148 from LIB1.IntLib
Replace Part D4 1N4148 in C:\Users\Public\Documents\Altium\PADS PROJEKT Wzmacniacza gitarowego\schemat_wzmacniacz_gitarowy.SchDoc with 1N4148 from LIB1.IntLib
Replace Part D5 1N4148 in C:\Users\Public\Documents\Altium\PADS PROJEKT Wzmacniacza gitarowego\schemat_wzmacniacz_gitarowy.SchDoc with 1N4148 from LIB1.IntLib
Replace Part D6 1N4148 in C:\Users\Public\Documents\Altium\PADS PROJEKT Wzmacniacza gitarowego\schemat_wzmacniacz_gitarowy.SchDoc with 1N4148 from LIB1.IntLib
Replace Part D7 LED Diode in C:\Users\Public\Documents\Altium\PADS PROJEKT Wzmacniacza gitarowego\schemat_wzmacniacz_gitarowy.SchDoc with LED Diode from LIB1.IntLib
Replace Part D8 Zner 15V 0,4W in C:\Users\Public\Documents\Altium\PADS PROJEKT Wzmacniacza gitarowego\schemat_wzmacniacz_gitarowy.SchDoc with Zner 15V 0,4W from LIB1.IntLib
Replace Part D9 Zner 15V 0,4W in C:\Users\Public\Documents\Altium\PADS PROJEKT Wzmacniacza gitarowego\schemat_wzmacniacz_gitarowy.SchDoc with Zner 15V 0,4W from LIB1.IntLib
Replace Part P1 AMPHENOL ACJM-HHOP in C:\Users\Public\Documents\Altium\PADS PROJEKT Wzmacniacza gitarowego\schemat_wzmacniacz_gitarowy.SchDoc with AMPHENOL ACJM-HHOP from LIB1.IntLib
Replace Part P2 AMPHENOL ACJM-HHOP in C:\Users\Public\Documents\Altium\PADS PROJEKT Wzmacniacza gitarowego\schemat_wzmacniacz_gitarowy.SchDoc with AMPHENOL ACJM-HHOP from LIB1.IntLib
Replace Part P3 AMPHENOL ACJM-HHOP in C:\Users\Public\Documents\Altium\PADS PROJEKT Wzmacniacza gitarowego\schemat_wzmacniacz_gitarowy.SchDoc with AMPHENOL ACJM-HHOP from LIB1.IntLib
Replace Part P? 7pin BUS in C:\Users\Public\Documents\Altium\PADS PROJEKT Wzmacniacza gitarowego\schemat_wzmacniacz_gitarowy.SchDoc with 7pin BUS from LIB1.IntLib
Replace Part R1 Resistor 1/4W generic in C:\Users\Public\Documents\Altium\PADS PROJEKT Wzmacniacza gitarowego\schemat_wzmacniacz_gitarowy.SchDoc with Resistor 1/4W generic from LIB1.IntLib
Replace Part R2 Resistor 1/4W generic in C:\Users\Public\Documents\Altium\PADS PROJEKT Wzmacniacza gitarowego\schemat_wzmacniacz_gitarowy.SchDoc with Resistor 1/4W generic from LIB1.IntLib
Replace Part R3 Resistor 1/4W generic in C:\Users\Public\Documents\Altium\PADS PROJEKT Wzmacniacza gitarowego\schemat_wzmacniacz_gitarowy.SchDoc with Resistor 1/4W generic from LIB1.IntLib
Replace Part R4 Resistor 1/4W generic in C:\Users\Public\Documents\Altium\PADS PROJEKT Wzmacniacza gitarowego\schemat_wzmacniacz_gitarowy.SchDoc with Resistor 1/4W generic from LIB1.IntLib
Replace Part R5 Resistor 1/4W generic in C:\Users\Public\Documents\Altium\PADS PROJEKT Wzmacniacza gitarowego\schemat_wzmacniacz_gitarowy.SchDoc with Resistor 1/4W generic from LIB1.IntLib
Replace Part R6 Resistor 1/4W generic in C:\Users\Public\Documents\Altium\PADS PROJEKT Wzmacniacza gitarowego\schemat_wzmacniacz_gitarowy.SchDoc with Resistor 1/4W generic from LIB1.IntLib
Replace Part R7 Resistor 1/4W generic in C:\Users\Public\Documents\Altium\PADS PROJEKT Wzmacniacza gitarowego\schemat_wzmacniacz_gitarowy.SchDoc with Resistor 1/4W generic from LIB1.IntLib
Replace Part R8 Resistor 1/4W generic in C:\Users\Public\Documents\Altium\PADS PROJEKT Wzmacniacza gitarowego\schemat_wzmacniacz_gitarowy.SchDoc with Resistor 1/4W generic from LIB1.IntLib
Replace Part R9 Resistor 1/4W generic in C:\Users\Public\Documents\Altium\PADS PROJEKT Wzmacniacza gitarowego\schemat_wzmacniacz_gitarowy.SchDoc with Resistor 1/4W generic from LIB1.IntLib
Replace Part R10 Resistor 1/4W generic in C:\Users\Public\Documents\Altium\PADS PROJEKT Wzmacniacza gitarowego\schemat_wzmacniacz_gitarowy.SchDoc with Resistor 1/4W generic from LIB1.IntLib
Replace Part R11 Resistor 1/4W generic in C:\Users\Public\Documents\Altium\PADS PROJEKT Wzmacniacza gitarowego\schemat_wzmacniacz_gitarowy.SchDoc with Resistor 1/4W generic from LIB1.IntLib
Replace Part R12 Resistor 1/4W generic in C:\Users\Public\Documents\Altium\PADS PROJEKT Wzmacniacza gitarowego\schemat_wzmacniacz_gitarowy.SchDoc with Resistor 1/4W generic from LIB1.IntLib
Replace Part R13 Resistor 1/4W generic in C:\Users\Public\Documents\Altium\PADS PROJEKT Wzmacniacza gitarowego\schemat_wzmacniacz_gitarowy.SchDoc with Resistor 1/4W generic from LIB1.IntLib
Replace Part R14 Resistor 1/4W generic in C:\Users\Public\Documents\Altium\PADS PROJEKT Wzmacniacza gitarowego\schemat_wzmacniacz_gitarowy.SchDoc with Resistor 1/4W generic from LIB1.IntLib
Replace Part R15 Resistor 1/4W generic in C:\Users\Public\Documents\Altium\PADS PROJEKT Wzmacniacza gitarowego\schemat_wzmacniacz_gitarowy.SchDoc with Resistor 1/4W generic from LIB1.IntLib
Replace Part R16 Resistor 1/4W generic in C:\Users\Public\Documents\Altium\PADS PROJEKT Wzmacniacza gitarowego\schemat_wzmacniacz_gitarowy.SchDoc with Resistor 1/4W generic from LIB1.IntLib
Replace Part R17 Resistor 1/4W generic in C:\Users\Public\Documents\Altium\PADS PROJEKT Wzmacniacza gitarowego\schemat_wzmacniacz_gitarowy.SchDoc with Resistor 1/4W generic from LIB1.IntLib
Replace Part R18 Resistor 1/4W generic in C:\Users\Public\Documents\Altium\PADS PROJEKT Wzmacniacza gitarowego\schemat_wzmacniacz_gitarowy.SchDoc with Resistor 1/4W generic from LIB1.IntLib
Replace Part R19 Resistor 1/4W generic in C:\Users\Public\Documents\Altium\PADS PROJEKT Wzmacniacza gitarowego\schemat_wzmacniacz_gitarowy.SchDoc with Resistor 1/4W generic from LIB1.IntLib
Replace Part R20 Resistor 1/4W generic in C:\Users\Public\Documents\Altium\PADS PROJEKT Wzmacniacza gitarowego\schemat_wzmacniacz_gitarowy.SchDoc with Resistor 1/4W generic from LIB1.IntLib
Replace Part R21 Resistor 1/4W generic in C:\Users\Public\Documents\Altium\PADS PROJEKT Wzmacniacza gitarowego\schemat_wzmacniacz_gitarowy.SchDoc with Resistor 1/4W generic from LIB1.IntLib
Replace Part R22 Resistor 1/4W generic in C:\Users\Public\Documents\Altium\PADS PROJEKT Wzmacniacza gitarowego\schemat_wzmacniacz_gitarowy.SchDoc with Resistor 1/4W generic from LIB1.IntLib
Replace Part R23 Resistor 1/4W generic in C:\Users\Public\Documents\Altium\PADS PROJEKT Wzmacniacza gitarowego\schemat_wzmacniacz_gitarowy.SchDoc with Resistor 1/4W generic from LIB1.IntLib
Replace Part R24 Resistor 1/4W generic in C:\Users\Public\Documents\Altium\PADS PROJEKT Wzmacniacza gitarowego\schemat_wzmacniacz_gitarowy.SchDoc with Resistor 1/4W generic from LIB1.IntLib
Replace Part R25 Resistor 1/4W generic in C:\Users\Public\Documents\Altium\PADS PROJEKT Wzmacniacza gitarowego\schemat_wzmacniacz_gitarowy.SchDoc with Resistor 1/4W generic from LIB1.IntLib
Replace Part R26 Resistor 1/4W generic in C:\Users\Public\Documents\Altium\PADS PROJEKT Wzmacniacza gitarowego\schemat_wzmacniacz_gitarowy.SchDoc with Resistor 1/4W generic from LIB1.IntLib
Replace Part R27 Resistor 1/4W generic in C:\Users\Public\Documents\Altium\PADS PROJEKT Wzmacniacza gitarowego\schemat_wzmacniacz_gitarowy.SchDoc with Resistor 1/4W generic from LIB1.IntLib
Replace Part R28 Resistor 1W generic in C:\Users\Public\Documents\Altium\PADS PROJEKT Wzmacniacza gitarowego\schemat_wzmacniacz_gitarowy.SchDoc with Resistor 1W generic from LIB1.IntLib
Replace Part R29 Resistor 1/4W generic in C:\Users\Public\Documents\Altium\PADS PROJEKT Wzmacniacza gitarowego\schemat_wzmacniacz_gitarowy.SchDoc with Resistor 1/4W generic from LIB1.IntLib
Replace Part R30 Resistor 1/4W generic in C:\Users\Public\Documents\Altium\PADS PROJEKT Wzmacniacza gitarowego\schemat_wzmacniacz_gitarowy.SchDoc with Resistor 1/4W generic from LIB1.IntLib
Replace Part R31 Resistor 1/4W generic in C:\Users\Public\Documents\Altium\PADS PROJEKT Wzmacniacza gitarowego\schemat_wzmacniacz_gitarowy.SchDoc with Resistor 1/4W generic from LIB1.IntLib
Replace Part R32 Resistor 5W generic in C:\Users\Public\Documents\Altium\PADS PROJEKT Wzmacniacza gitarowego\schemat_wzmacniacz_gitarowy.SchDoc with Resistor 5W generic from LIB1.IntLib
Replace Part R33 Resistor 5W generic in C:\Users\Public\Documents\Altium\PADS PROJEKT Wzmacniacza gitarowego\schemat_wzmacniacz_gitarowy.SchDoc with Resistor 5W generic from LIB1.IntLib
Replace Part R34 Resistor 5W generic in C:\Users\Public\Documents\Altium\PADS PROJEKT Wzmacniacza gitarowego\schemat_wzmacniacz_gitarowy.SchDoc with Resistor 5W generic from LIB1.IntLib
Replace Part R35 Resistor 5W generic in C:\Users\Public\Documents\Altium\PADS PROJEKT Wzmacniacza gitarowego\schemat_wzmacniacz_gitarowy.SchDoc with Resistor 5W generic from LIB1.IntLib
Replace Part R36 Resistor 1W generic in C:\Users\Public\Documents\Altium\PADS PROJEKT Wzmacniacza gitarowego\schemat_wzmacniacz_gitarowy.SchDoc with Resistor 1W generic from LIB1.IntLib
Replace Part R37 Resistor 1/4W generic in C:\Users\Public\Documents\Altium\PADS PROJEKT Wzmacniacza gitarowego\schemat_wzmacniacz_gitarowy.SchDoc with Resistor 1/4W generic from LIB1.IntLib
Replace Part R38 Resistor 1/4W generic in C:\Users\Public\Documents\Altium\PADS PROJEKT Wzmacniacza gitarowego\schemat_wzmacniacz_gitarowy.SchDoc with Resistor 1/4W generic from LIB1.IntLib
Replace Part R39 Resistor 1/4W generic in C:\Users\Public\Documents\Altium\PADS PROJEKT Wzmacniacza gitarowego\schemat_wzmacniacz_gitarowy.SchDoc with Resistor 1/4W generic from LIB1.IntLib
Replace Part U1 TL072 in C:\Users\Public\Documents\Altium\PADS PROJEKT Wzmacniacza gitarowego\schemat_wzmacniacz_gitarowy.SchDoc with TL072 from LIB1.IntLib
Replace Part U1 TL072 in C:\Users\Public\Documents\Altium\PADS PROJEKT Wzmacniacza gitarowego\schemat_wzmacniacz_gitarowy.SchDoc with TL072 from LIB1.IntLib
Replace Part U2 NE5532 in C:\Users\Public\Documents\Altium\PADS PROJEKT Wzmacniacza gitarowego\schemat_wzmacniacz_gitarowy.SchDoc with NE5532 from LIB1.IntLib
Replace Part U2 NE5532 in C:\Users\Public\Documents\Altium\PADS PROJEKT Wzmacniacza gitarowego\schemat_wzmacniacz_gitarowy.SchDoc with NE5532 from LIB1.IntLib
Replace Part U3 TDA2030A in C:\Users\Public\Documents\Altium\PADS PROJEKT Wzmacniacza gitarowego\schemat_wzmacniacz_gitarowy.SchDoc with TDA2030A from LIB1.IntLib
Replace Part VR1 VR generic in C:\Users\Public\Documents\Altium\PADS PROJEKT Wzmacniacza gitarowego\schemat_wzmacniacz_gitarowy.SchDoc with VR generic from LIB1.IntLib
Replace Part VR2 VR generic in C:\Users\Public\Documents\Altium\PADS PROJEKT Wzmacniacza gitarowego\schemat_wzmacniacz_gitarowy.SchDoc with VR generic from LIB1.IntLib
Replace Part VR3 VR generic in C:\Users\Public\Documents\Altium\PADS PROJEKT Wzmacniacza gitarowego\schemat_wzmacniacz_gitarowy.SchDoc with VR generic from LIB1.IntLib
Replace Part VR4 VR generic in C:\Users\Public\Documents\Altium\PADS PROJEKT Wzmacniacza gitarowego\schemat_wzmacniacz_gitarowy.SchDoc with VR generic from LIB1.IntLib
